@storybook/cli v7.0.18

info => Cleaning outputDir: /var/folders/f9/5lfndttx06x37fctzbkqkw8m0000gn/T/chromatic--63908-Ou1UiNBj9QEB
info => Loading presets
info => Building manager..
info => Manager built (203 ms)
info => Copying static files: /Users/user/taskbox/node_modules/@storybook/manager/static at /var/folders/f9/5lfndttx06x37fctzbkqkw8m0000gn/T/chromatic--63908-Ou1UiNBj9QEB/sb-common-assets
info => Copying static files: /Users/user/taskbox/public at /var/folders/f9/5lfndttx06x37fctzbkqkw8m0000gn/T/chromatic--63908-Ou1UiNBj9QEB/
vite v4.2.2 building for production...

./sb-common-assets/fonts.css doesn't exist at build time, it will remain unchanged to be resolved at runtime
transforming...
Use of eval in "node_modules/telejson/dist/index.mjs" is strongly discouraged as it poses security risks and may cause issues with minification.
Use of eval in "node_modules/telejson/dist/index.mjs" is strongly discouraged as it poses security risks and may cause issues with minification.
✓ 1680 modules transformed.
rendering chunks...
warnings when minifying css:
▲ [WARNING] CSS nesting syntax is not supported in the configured target environment ("chrome87", "edge88", "es2020", "firefox78", "safari14") [unsupported-css-nesting]

    <stdin>:36:2:
      36 │   *vertical-align: middle;
         ╵   ^


▲ [WARNING] Expected identifier but found whitespace [css-syntax-error]

    <stdin>:36:18:
      36 │   *vertical-align: middle;
         ╵                   ^


▲ [WARNING] Unexpected ";" [css-syntax-error]

    <stdin>:36:25:
      36 │   *vertical-align: middle;
         ╵                          ^


computing gzip size...
../../../var/folders/f9/5lfndttx06x37fctzbkqkw8m0000gn/T/chromatic--63908-Ou1UiNBj9QEB/iframe.html                                          12.54 kB
../../../var/folders/f9/5lfndttx06x37fctzbkqkw8m0000gn/T/chromatic--63908-Ou1UiNBj9QEB/assets/percolate-dac75269.ttf                        34.04 kB
../../../var/folders/f9/5lfndttx06x37fctzbkqkw8m0000gn/T/chromatic--63908-Ou1UiNBj9QEB/assets/percolate-ec979d96.woff                       34.11 kB
../../../var/folders/f9/5lfndttx06x37fctzbkqkw8m0000gn/T/chromatic--63908-Ou1UiNBj9QEB/assets/percolate-5ed633c2.eot                        34.21 kB
../../../var/folders/f9/5lfndttx06x37fctzbkqkw8m0000gn/T/chromatic--63908-Ou1UiNBj9QEB/assets/percolate-d13fa91b.svg                       140.51 kB
../../../var/folders/f9/5lfndttx06x37fctzbkqkw8m0000gn/T/chromatic--63908-Ou1UiNBj9QEB/assets/preview-7623e708.css                           6.91 kB │ gzip:   2.07 kB
../../../var/folders/f9/5lfndttx06x37fctzbkqkw8m0000gn/T/chromatic--63908-Ou1UiNBj9QEB/assets/index-d475d2ea.js                              0.21 kB │ gzip:   0.17 kB │ map:     0.81 kB
../../../var/folders/f9/5lfndttx06x37fctzbkqkw8m0000gn/T/chromatic--63908-Ou1UiNBj9QEB/assets/_commonjs-dynamic-modules-302442b1.js          0.30 kB │ gzip:   0.24 kB │ map:     0.12 kB
../../../var/folders/f9/5lfndttx06x37fctzbkqkw8m0000gn/T/chromatic--63908-Ou1UiNBj9QEB/assets/WithTooltip-FBT32F6Q-01795b34.js               0.51 kB │ gzip:   0.30 kB │ map:     0.11 kB
../../../var/folders/f9/5lfndttx06x37fctzbkqkw8m0000gn/T/chromatic--63908-Ou1UiNBj9QEB/assets/syntaxhighlighter-QTQ2UBB4-6bb0f443.js         0.54 kB │ gzip:   0.33 kB │ map:     0.12 kB
../../../var/folders/f9/5lfndttx06x37fctzbkqkw8m0000gn/T/chromatic--63908-Ou1UiNBj9QEB/assets/preview-2c77f240.js                            0.58 kB │ gzip:   0.36 kB │ map:     0.52 kB
../../../var/folders/f9/5lfndttx06x37fctzbkqkw8m0000gn/T/chromatic--63908-Ou1UiNBj9QEB/assets/index-6d7aa4ee.js                              0.62 kB │ gzip:   0.38 kB │ map:     4.26 kB
../../../var/folders/f9/5lfndttx06x37fctzbkqkw8m0000gn/T/chromatic--63908-Ou1UiNBj9QEB/assets/preview-5ef354f3.js                            0.69 kB │ gzip:   0.49 kB │ map:     3.83 kB
../../../var/folders/f9/5lfndttx06x37fctzbkqkw8m0000gn/T/chromatic--63908-Ou1UiNBj9QEB/assets/_commonjsHelpers-042e6b4d.js                   0.78 kB │ gzip:   0.44 kB │ map:     0.11 kB
../../../var/folders/f9/5lfndttx06x37fctzbkqkw8m0000gn/T/chromatic--63908-Ou1UiNBj9QEB/assets/index-4d501b15.js                              0.80 kB │ gzip:   0.52 kB │ map:     4.04 kB
../../../var/folders/f9/5lfndttx06x37fctzbkqkw8m0000gn/T/chromatic--63908-Ou1UiNBj9QEB/assets/index-356e4a49.js                              0.81 kB │ gzip:   0.51 kB │ map:     3.24 kB
../../../var/folders/f9/5lfndttx06x37fctzbkqkw8m0000gn/T/chromatic--63908-Ou1UiNBj9QEB/assets/preview-b1164a2e.js                            0.88 kB │ gzip:   0.58 kB │ map:     2.84 kB
../../../var/folders/f9/5lfndttx06x37fctzbkqkw8m0000gn/T/chromatic--63908-Ou1UiNBj9QEB/assets/preview-846491a7.js                            1.06 kB │ gzip:   0.69 kB │ map:     3.09 kB
../../../var/folders/f9/5lfndttx06x37fctzbkqkw8m0000gn/T/chromatic--63908-Ou1UiNBj9QEB/assets/preview-a60aa466.js                            2.40 kB │ gzip:   1.25 kB │ map:    11.02 kB
../../../var/folders/f9/5lfndttx06x37fctzbkqkw8m0000gn/T/chromatic--63908-Ou1UiNBj9QEB/assets/index-d37d4223.js                              2.63 kB │ gzip:   1.30 kB │ map:     7.45 kB
../../../var/folders/f9/5lfndttx06x37fctzbkqkw8m0000gn/T/chromatic--63908-Ou1UiNBj9QEB/assets/preview-770cc08b.js                            3.22 kB │ gzip:   1.39 kB │ map:    10.00 kB
../../../var/folders/f9/5lfndttx06x37fctzbkqkw8m0000gn/T/chromatic--63908-Ou1UiNBj9QEB/assets/Task.stories-70e1066b.js                       3.75 kB │ gzip:   1.59 kB │ map:     4.96 kB
../../../var/folders/f9/5lfndttx06x37fctzbkqkw8m0000gn/T/chromatic--63908-Ou1UiNBj9QEB/assets/preview-2a930295.js                            3.78 kB │ gzip:   1.80 kB │ map:    14.49 kB
../../../var/folders/f9/5lfndttx06x37fctzbkqkw8m0000gn/T/chromatic--63908-Ou1UiNBj9QEB/assets/iframe-2d9ad926.js                             4.81 kB │ gzip:   1.70 kB │ map:     5.39 kB
../../../var/folders/f9/5lfndttx06x37fctzbkqkw8m0000gn/T/chromatic--63908-Ou1UiNBj9QEB/assets/index-f1f749bf.js                              7.25 kB │ gzip:   2.96 kB │ map:    15.65 kB
../../../var/folders/f9/5lfndttx06x37fctzbkqkw8m0000gn/T/chromatic--63908-Ou1UiNBj9QEB/assets/preview-d8c963a4.js                            7.67 kB │ gzip:   1.60 kB │ map:    13.66 kB
../../../var/folders/f9/5lfndttx06x37fctzbkqkw8m0000gn/T/chromatic--63908-Ou1UiNBj9QEB/assets/preview-2cd4e1a1.js                            8.00 kB │ gzip:   3.04 kB │ map:    28.06 kB
../../../var/folders/f9/5lfndttx06x37fctzbkqkw8m0000gn/T/chromatic--63908-Ou1UiNBj9QEB/assets/GlobalScrollAreaStyles-XIHNDKUY-babeb021.js   10.50 kB │ gzip:   2.39 kB │ map:    15.71 kB
../../../var/folders/f9/5lfndttx06x37fctzbkqkw8m0000gn/T/chromatic--63908-Ou1UiNBj9QEB/assets/preview-0b573777.js                           21.08 kB │ gzip:   7.00 kB │ map:    68.20 kB
../../../var/folders/f9/5lfndttx06x37fctzbkqkw8m0000gn/T/chromatic--63908-Ou1UiNBj9QEB/assets/Color-3YIJY6X7-8982d846.js                    31.08 kB │ gzip:  11.68 kB │ map:   112.31 kB
../../../var/folders/f9/5lfndttx06x37fctzbkqkw8m0000gn/T/chromatic--63908-Ou1UiNBj9QEB/assets/TaskList.stories-ee0bad42.js                  39.76 kB │ gzip:  13.69 kB │ map:   230.20 kB
../../../var/folders/f9/5lfndttx06x37fctzbkqkw8m0000gn/T/chromatic--63908-Ou1UiNBj9QEB/assets/OverlayScrollbars-VAV6LJAB-bfc757b0.js        59.08 kB │ gzip:  25.33 kB │ map:   277.33 kB
../../../var/folders/f9/5lfndttx06x37fctzbkqkw8m0000gn/T/chromatic--63908-Ou1UiNBj9QEB/assets/_getPrototype-ef1402ed.js                     78.82 kB │ gzip:  23.66 kB │ map:   323.44 kB
../../../var/folders/f9/5lfndttx06x37fctzbkqkw8m0000gn/T/chromatic--63908-Ou1UiNBj9QEB/assets/index-96c5f47c.js                            134.19 kB │ gzip:  43.27 kB │ map:   326.63 kB
../../../var/folders/f9/5lfndttx06x37fctzbkqkw8m0000gn/T/chromatic--63908-Ou1UiNBj9QEB/assets/config-5669e85f.js                           213.37 kB │ gzip:  66.31 kB │ map:   800.51 kB
../../../var/folders/f9/5lfndttx06x37fctzbkqkw8m0000gn/T/chromatic--63908-Ou1UiNBj9QEB/assets/InboxScreen.stories-e8eea044.js              268.23 kB │ gzip:  64.05 kB │ map:   943.88 kB
../../../var/folders/f9/5lfndttx06x37fctzbkqkw8m0000gn/T/chromatic--63908-Ou1UiNBj9QEB/assets/index-7fd7b4cd.js                            337.22 kB │ gzip:  99.41 kB │ map: 1,428.70 kB
../../../var/folders/f9/5lfndttx06x37fctzbkqkw8m0000gn/T/chromatic--63908-Ou1UiNBj9QEB/assets/DocsRenderer-EYKKDMVH-fc82014e.js            503.86 kB │ gzip: 165.87 kB │ map: 1,427.05 kB
../../../var/folders/f9/5lfndttx06x37fctzbkqkw8m0000gn/T/chromatic--63908-Ou1UiNBj9QEB/assets/axe-41d76881.js                              535.59 kB │ gzip: 146.90 kB │ map: 1,918.40 kB
../../../var/folders/f9/5lfndttx06x37fctzbkqkw8m0000gn/T/chromatic--63908-Ou1UiNBj9QEB/assets/formatter-S4K5WUZV-29715063.js               601.73 kB │ gzip: 185.08 kB │ map: 1,314.30 kB

(!) Some chunks are larger than 500 kBs after minification. Consider:
- Using dynamic import() to code-split the application
- Use build.rollupOptions.output.manualChunks to improve chunking: https://rollupjs.org/configuration-options/#output-manualchunks
- Adjust chunk size limit for this warning via build.chunkSizeWarningLimit.
✓ built in 12.94s
info => Output directory: /var/folders/f9/5lfndttx06x37fctzbkqkw8m0000gn/T/chromatic--63908-Ou1UiNBj9QEB
